[2016.08.17 14:53:53] (Coverage): Failed to load coverage data from file: /root/.IdeaIC2016.1/system/coverage/hadoop-main$TestFileAppend.coverage
java.io.EOFException
	at java.io.DataInputStream.readByte(DataInputStream.java:267)
	at com.intellij.rt.coverage.util.CoverageIOUtil.readUTFFast(CoverageIOUtil.java:100)
	at com.intellij.rt.coverage.util.ProjectDataLoader.expand(ProjectDataLoader.java:107)
	at com.intellij.rt.coverage.util.ProjectDataLoader.load(ProjectDataLoader.java:49)
	at com.intellij.coverage.IDEACoverageRunner.loadCoverageData(IDEACoverageRunner.java:44)
	at com.intellij.coverage.BaseCoverageSuite.loadProjectInfo(BaseCoverageSuite.java:245)
	at com.intellij.coverage.JavaCoverageSuite.getCoverageData(JavaCoverageSuite.java:146)
	at com.intellij.coverage.CoverageSuitesBundle.getCoverageData(CoverageSuitesBundle.java:92)
	at com.intellij.coverage.SrcFileAnnotator.showCoverageInformation(SrcFileAnnotator.java:291)
	at com.intellij.coverage.CoverageDataManagerImpl$CoverageEditorFactoryListener$2.run(CoverageDataManagerImpl.java:681)
	at com.intellij.util.concurrency.QueueProcessor.runSafely(QueueProcessor.java:238)
	at com.intellij.util.Alarm$Request$1.run(Alarm.java:378)
	at com.intellij.util.Alarm$Request.run(Alarm.java:389)
	at java.util.concurrent.Executors$RunnableAdapter.call(Executors.java:511)
	at java.util.concurrent.FutureTask.run(FutureTask.java:266)
	at com.intellij.util.concurrency.SchedulingWrapper$MyScheduledFutureTask.run(SchedulingWrapper.java:227)
	at com.intellij.util.concurrency.BoundedTaskExecutor$2.run(BoundedTaskExecutor.java:187)
	at java.util.concurrent.ThreadPoolExecutor.runWorker(ThreadPoolExecutor.java:1142)
	at java.util.concurrent.ThreadPoolExecutor$Worker.run(ThreadPoolExecutor.java:617)
	at java.lang.Thread.run(Thread.java:745)
[2016.08.17 14:54:55] (Coverage): Failed to load coverage data from file: /root/.IdeaIC2016.1/system/coverage/hadoop-main$TestFileAppend.coverage
java.io.EOFException
	at java.io.DataInputStream.readByte(DataInputStream.java:267)
	at com.intellij.rt.coverage.util.CoverageIOUtil.readUTFFast(CoverageIOUtil.java:100)
	at com.intellij.rt.coverage.util.ProjectDataLoader.expand(ProjectDataLoader.java:107)
	at com.intellij.rt.coverage.util.ProjectDataLoader.load(ProjectDataLoader.java:49)
	at com.intellij.coverage.IDEACoverageRunner.loadCoverageData(IDEACoverageRunner.java:44)
	at com.intellij.coverage.BaseCoverageSuite.loadProjectInfo(BaseCoverageSuite.java:245)
	at com.intellij.coverage.JavaCoverageSuite.getCoverageData(JavaCoverageSuite.java:146)
	at com.intellij.coverage.CoverageSuitesBundle.getCoverageData(CoverageSuitesBundle.java:92)
	at com.intellij.coverage.SrcFileAnnotator.showCoverageInformation(SrcFileAnnotator.java:291)
	at com.intellij.coverage.CoverageDataManagerImpl$CoverageEditorFactoryListener$2.run(CoverageDataManagerImpl.java:681)
	at com.intellij.util.concurrency.QueueProcessor.runSafely(QueueProcessor.java:238)
	at com.intellij.util.Alarm$Request$1.run(Alarm.java:378)
	at com.intellij.util.Alarm$Request.run(Alarm.java:389)
	at java.util.concurrent.Executors$RunnableAdapter.call(Executors.java:511)
	at java.util.concurrent.FutureTask.run(FutureTask.java:266)
	at com.intellij.util.concurrency.SchedulingWrapper$MyScheduledFutureTask.run(SchedulingWrapper.java:227)
	at com.intellij.util.concurrency.BoundedTaskExecutor$2.run(BoundedTaskExecutor.java:187)
	at java.util.concurrent.ThreadPoolExecutor.runWorker(ThreadPoolExecutor.java:1142)
	at java.util.concurrent.ThreadPoolExecutor$Worker.run(ThreadPoolExecutor.java:617)
	at java.lang.Thread.run(Thread.java:745)
[2016.08.17 14:55:21] (Coverage): Failed to load coverage data from file: /root/.IdeaIC2016.1/system/coverage/hadoop-main$TestFileAppend.coverage
java.io.EOFException
	at java.io.DataInputStream.readByte(DataInputStream.java:267)
	at com.intellij.rt.coverage.util.CoverageIOUtil.readUTFFast(CoverageIOUtil.java:100)
	at com.intellij.rt.coverage.util.ProjectDataLoader.expand(ProjectDataLoader.java:107)
	at com.intellij.rt.coverage.util.ProjectDataLoader.load(ProjectDataLoader.java:49)
	at com.intellij.coverage.IDEACoverageRunner.loadCoverageData(IDEACoverageRunner.java:44)
	at com.intellij.coverage.BaseCoverageSuite.loadProjectInfo(BaseCoverageSuite.java:245)
	at com.intellij.coverage.JavaCoverageSuite.getCoverageData(JavaCoverageSuite.java:146)
	at com.intellij.coverage.CoverageSuitesBundle.getCoverageData(CoverageSuitesBundle.java:92)
	at com.intellij.coverage.SrcFileAnnotator.showCoverageInformation(SrcFileAnnotator.java:291)
	at com.intellij.coverage.CoverageDataManagerImpl$CoverageEditorFactoryListener$2.run(CoverageDataManagerImpl.java:681)
	at com.intellij.util.concurrency.QueueProcessor.runSafely(QueueProcessor.java:238)
	at com.intellij.util.Alarm$Request$1.run(Alarm.java:378)
	at com.intellij.util.Alarm$Request.run(Alarm.java:389)
	at java.util.concurrent.Executors$RunnableAdapter.call(Executors.java:511)
	at java.util.concurrent.FutureTask.run(FutureTask.java:266)
	at com.intellij.util.concurrency.SchedulingWrapper$MyScheduledFutureTask.run(SchedulingWrapper.java:227)
	at com.intellij.util.concurrency.BoundedTaskExecutor$2.run(BoundedTaskExecutor.java:187)
	at java.util.concurrent.ThreadPoolExecutor.runWorker(ThreadPoolExecutor.java:1142)
	at java.util.concurrent.ThreadPoolExecutor$Worker.run(ThreadPoolExecutor.java:617)
	at java.lang.Thread.run(Thread.java:745)
[2016.08.17 15:06:23] (Coverage): Failed to load coverage data from file: /root/.IdeaIC2016.1/system/coverage/hadoop-main$TestFileAppend.coverage
java.io.EOFException
	at java.io.DataInputStream.readByte(DataInputStream.java:267)
	at com.intellij.rt.coverage.util.CoverageIOUtil.readUTFFast(CoverageIOUtil.java:100)
	at com.intellij.rt.coverage.util.ProjectDataLoader.expand(ProjectDataLoader.java:107)
	at com.intellij.rt.coverage.util.ProjectDataLoader.load(ProjectDataLoader.java:49)
	at com.intellij.coverage.IDEACoverageRunner.loadCoverageData(IDEACoverageRunner.java:44)
	at com.intellij.coverage.BaseCoverageSuite.loadProjectInfo(BaseCoverageSuite.java:245)
	at com.intellij.coverage.JavaCoverageSuite.getCoverageData(JavaCoverageSuite.java:146)
	at com.intellij.coverage.CoverageSuitesBundle.getCoverageData(CoverageSuitesBundle.java:92)
	at com.intellij.coverage.SrcFileAnnotator.showCoverageInformation(SrcFileAnnotator.java:291)
	at com.intellij.coverage.CoverageDataManagerImpl$CoverageEditorFactoryListener$2.run(CoverageDataManagerImpl.java:681)
	at com.intellij.util.concurrency.QueueProcessor.runSafely(QueueProcessor.java:238)
	at com.intellij.util.Alarm$Request$1.run(Alarm.java:378)
	at com.intellij.util.Alarm$Request.run(Alarm.java:389)
	at java.util.concurrent.Executors$RunnableAdapter.call(Executors.java:511)
	at java.util.concurrent.FutureTask.run(FutureTask.java:266)
	at com.intellij.util.concurrency.SchedulingWrapper$MyScheduledFutureTask.run(SchedulingWrapper.java:227)
	at com.intellij.util.concurrency.BoundedTaskExecutor$2.run(BoundedTaskExecutor.java:187)
	at java.util.concurrent.ThreadPoolExecutor.runWorker(ThreadPoolExecutor.java:1142)
	at java.util.concurrent.ThreadPoolExecutor$Worker.run(ThreadPoolExecutor.java:617)
	at java.lang.Thread.run(Thread.java:745)
[2016.08.17 15:26:14] (Coverage): Failed to load coverage data from file: /root/.IdeaIC2016.1/system/coverage/hadoop-main$TestFileAppend.coverage
java.io.EOFException
	at java.io.DataInputStream.readByte(DataInputStream.java:267)
	at com.intellij.rt.coverage.util.CoverageIOUtil.readUTFFast(CoverageIOUtil.java:100)
	at com.intellij.rt.coverage.util.ProjectDataLoader.expand(ProjectDataLoader.java:107)
	at com.intellij.rt.coverage.util.ProjectDataLoader.load(ProjectDataLoader.java:49)
	at com.intellij.coverage.IDEACoverageRunner.loadCoverageData(IDEACoverageRunner.java:44)
	at com.intellij.coverage.BaseCoverageSuite.loadProjectInfo(BaseCoverageSuite.java:245)
	at com.intellij.coverage.JavaCoverageSuite.getCoverageData(JavaCoverageSuite.java:146)
	at com.intellij.coverage.CoverageSuitesBundle.getCoverageData(CoverageSuitesBundle.java:92)
	at com.intellij.coverage.SrcFileAnnotator.showCoverageInformation(SrcFileAnnotator.java:291)
	at com.intellij.coverage.CoverageDataManagerImpl$CoverageEditorFactoryListener$2.run(CoverageDataManagerImpl.java:681)
	at com.intellij.util.concurrency.QueueProcessor.runSafely(QueueProcessor.java:238)
	at com.intellij.util.Alarm$Request$1.run(Alarm.java:378)
	at com.intellij.util.Alarm$Request.run(Alarm.java:389)
	at java.util.concurrent.Executors$RunnableAdapter.call(Executors.java:511)
	at java.util.concurrent.FutureTask.run(FutureTask.java:266)
	at com.intellij.util.concurrency.SchedulingWrapper$MyScheduledFutureTask.run(SchedulingWrapper.java:227)
	at com.intellij.util.concurrency.BoundedTaskExecutor$2.run(BoundedTaskExecutor.java:187)
	at java.util.concurrent.ThreadPoolExecutor.runWorker(ThreadPoolExecutor.java:1142)
	at java.util.concurrent.ThreadPoolExecutor$Worker.run(ThreadPoolExecutor.java:617)
	at java.lang.Thread.run(Thread.java:745)
[2016.08.17 15:32:11] (Coverage): Failed to load coverage data from file: /root/.IdeaIC2016.1/system/coverage/hadoop-main$TestFileAppend.coverage
java.io.EOFException
	at java.io.DataInputStream.readByte(DataInputStream.java:267)
	at com.intellij.rt.coverage.util.CoverageIOUtil.readUTFFast(CoverageIOUtil.java:100)
	at com.intellij.rt.coverage.util.ProjectDataLoader.expand(ProjectDataLoader.java:107)
	at com.intellij.rt.coverage.util.ProjectDataLoader.load(ProjectDataLoader.java:49)
	at com.intellij.coverage.IDEACoverageRunner.loadCoverageData(IDEACoverageRunner.java:44)
	at com.intellij.coverage.BaseCoverageSuite.loadProjectInfo(BaseCoverageSuite.java:245)
	at com.intellij.coverage.JavaCoverageSuite.getCoverageData(JavaCoverageSuite.java:146)
	at com.intellij.coverage.CoverageSuitesBundle.getCoverageData(CoverageSuitesBundle.java:92)
	at com.intellij.coverage.SrcFileAnnotator.showCoverageInformation(SrcFileAnnotator.java:291)
	at com.intellij.coverage.CoverageDataManagerImpl$CoverageEditorFactoryListener$2.run(CoverageDataManagerImpl.java:681)
	at com.intellij.util.concurrency.QueueProcessor.runSafely(QueueProcessor.java:238)
	at com.intellij.util.Alarm$Request$1.run(Alarm.java:378)
	at com.intellij.util.Alarm$Request.run(Alarm.java:389)
	at java.util.concurrent.Executors$RunnableAdapter.call(Executors.java:511)
	at java.util.concurrent.FutureTask.run(FutureTask.java:266)
	at com.intellij.util.concurrency.SchedulingWrapper$MyScheduledFutureTask.run(SchedulingWrapper.java:227)
	at com.intellij.util.concurrency.BoundedTaskExecutor$2.run(BoundedTaskExecutor.java:187)
	at java.util.concurrent.ThreadPoolExecutor.runWorker(ThreadPoolExecutor.java:1142)
	at java.util.concurrent.ThreadPoolExecutor$Worker.run(ThreadPoolExecutor.java:617)
	at java.lang.Thread.run(Thread.java:745)
[2016.08.17 15:55:08] (Coverage): Failed to load coverage data from file: /root/.IdeaIC2016.1/system/coverage/hadoop-main$TestFileAppend.coverage
java.io.EOFException
	at java.io.DataInputStream.readByte(DataInputStream.java:267)
	at com.intellij.rt.coverage.util.CoverageIOUtil.readUTFFast(CoverageIOUtil.java:100)
	at com.intellij.rt.coverage.util.ProjectDataLoader.expand(ProjectDataLoader.java:107)
	at com.intellij.rt.coverage.util.ProjectDataLoader.load(ProjectDataLoader.java:49)
	at com.intellij.coverage.IDEACoverageRunner.loadCoverageData(IDEACoverageRunner.java:44)
	at com.intellij.coverage.BaseCoverageSuite.loadProjectInfo(BaseCoverageSuite.java:245)
	at com.intellij.coverage.JavaCoverageSuite.getCoverageData(JavaCoverageSuite.java:146)
	at com.intellij.coverage.CoverageSuitesBundle.getCoverageData(CoverageSuitesBundle.java:92)
	at com.intellij.coverage.SrcFileAnnotator.showCoverageInformation(SrcFileAnnotator.java:291)
	at com.intellij.coverage.CoverageDataManagerImpl$CoverageEditorFactoryListener$2.run(CoverageDataManagerImpl.java:681)
	at com.intellij.util.concurrency.QueueProcessor.runSafely(QueueProcessor.java:238)
	at com.intellij.util.Alarm$Request$1.run(Alarm.java:378)
	at com.intellij.util.Alarm$Request.run(Alarm.java:389)
	at java.util.concurrent.Executors$RunnableAdapter.call(Executors.java:511)
	at java.util.concurrent.FutureTask.run(FutureTask.java:266)
	at com.intellij.util.concurrency.SchedulingWrapper$MyScheduledFutureTask.run(SchedulingWrapper.java:227)
	at com.intellij.util.concurrency.BoundedTaskExecutor$2.run(BoundedTaskExecutor.java:187)
	at java.util.concurrent.ThreadPoolExecutor.runWorker(ThreadPoolExecutor.java:1142)
	at java.util.concurrent.ThreadPoolExecutor$Worker.run(ThreadPoolExecutor.java:617)
	at java.lang.Thread.run(Thread.java:745)
[2016.08.17 15:56:21] (Coverage): Failed to load coverage data from file: /root/.IdeaIC2016.1/system/coverage/hadoop-main$TestFileAppend.coverage
java.io.EOFException
	at java.io.DataInputStream.readByte(DataInputStream.java:267)
	at com.intellij.rt.coverage.util.CoverageIOUtil.readUTFFast(CoverageIOUtil.java:100)
	at com.intellij.rt.coverage.util.ProjectDataLoader.expand(ProjectDataLoader.java:107)
	at com.intellij.rt.coverage.util.ProjectDataLoader.load(ProjectDataLoader.java:49)
	at com.intellij.coverage.IDEACoverageRunner.loadCoverageData(IDEACoverageRunner.java:44)
	at com.intellij.coverage.BaseCoverageSuite.loadProjectInfo(BaseCoverageSuite.java:245)
	at com.intellij.coverage.JavaCoverageSuite.getCoverageData(JavaCoverageSuite.java:146)
	at com.intellij.coverage.CoverageSuitesBundle.getCoverageData(CoverageSuitesBundle.java:92)
	at com.intellij.coverage.SrcFileAnnotator.showCoverageInformation(SrcFileAnnotator.java:291)
	at com.intellij.coverage.CoverageDataManagerImpl$CoverageEditorFactoryListener$2.run(CoverageDataManagerImpl.java:681)
	at com.intellij.util.concurrency.QueueProcessor.runSafely(QueueProcessor.java:238)
	at com.intellij.util.Alarm$Request$1.run(Alarm.java:378)
	at com.intellij.util.Alarm$Request.run(Alarm.java:389)
	at java.util.concurrent.Executors$RunnableAdapter.call(Executors.java:511)
	at java.util.concurrent.FutureTask.run(FutureTask.java:266)
	at com.intellij.util.concurrency.SchedulingWrapper$MyScheduledFutureTask.run(SchedulingWrapper.java:227)
	at com.intellij.util.concurrency.BoundedTaskExecutor$2.run(BoundedTaskExecutor.java:187)
	at java.util.concurrent.ThreadPoolExecutor.runWorker(ThreadPoolExecutor.java:1142)
	at java.util.concurrent.ThreadPoolExecutor$Worker.run(ThreadPoolExecutor.java:617)
	at java.lang.Thread.run(Thread.java:745)
[2016.08.17 16:14:32] (Coverage): Failed to load coverage data from file: /root/.IdeaIC2016.1/system/coverage/hadoop-main$TestFileAppend.coverage
java.io.EOFException
	at java.io.DataInputStream.readByte(DataInputStream.java:267)
	at com.intellij.rt.coverage.util.CoverageIOUtil.readUTFFast(CoverageIOUtil.java:100)
	at com.intellij.rt.coverage.util.ProjectDataLoader.expand(ProjectDataLoader.java:107)
	at com.intellij.rt.coverage.util.ProjectDataLoader.load(ProjectDataLoader.java:49)
	at com.intellij.coverage.IDEACoverageRunner.loadCoverageData(IDEACoverageRunner.java:44)
	at com.intellij.coverage.BaseCoverageSuite.loadProjectInfo(BaseCoverageSuite.java:245)
	at com.intellij.coverage.JavaCoverageSuite.getCoverageData(JavaCoverageSuite.java:146)
	at com.intellij.coverage.CoverageSuitesBundle.getCoverageData(CoverageSuitesBundle.java:92)
	at com.intellij.coverage.SrcFileAnnotator.showCoverageInformation(SrcFileAnnotator.java:291)
	at com.intellij.coverage.CoverageDataManagerImpl$CoverageEditorFactoryListener$2.run(CoverageDataManagerImpl.java:681)
	at com.intellij.util.concurrency.QueueProcessor.runSafely(QueueProcessor.java:238)
	at com.intellij.util.Alarm$Request$1.run(Alarm.java:378)
	at com.intellij.util.Alarm$Request.run(Alarm.java:389)
	at java.util.concurrent.Executors$RunnableAdapter.call(Executors.java:511)
	at java.util.concurrent.FutureTask.run(FutureTask.java:266)
	at com.intellij.util.concurrency.SchedulingWrapper$MyScheduledFutureTask.run(SchedulingWrapper.java:227)
	at com.intellij.util.concurrency.BoundedTaskExecutor$2.run(BoundedTaskExecutor.java:187)
	at java.util.concurrent.ThreadPoolExecutor.runWorker(ThreadPoolExecutor.java:1142)
	at java.util.concurrent.ThreadPoolExecutor$Worker.run(ThreadPoolExecutor.java:617)
	at java.lang.Thread.run(Thread.java:745)
